{
  "src/test/java/CalculatorTest.java": [
    {
      "id": "1",
      "source_path": "src/main/java/com/example/Calculator.java",
      "mutant_path": "/Users/taikorind/Documents/personal/codeintegrity/mutahunter/examples/java_maven/logs/_latest/mutants/1_Calculator.java",
      "status": "KILLED",
      "error_msg": "[INFO] Scanning for projects...\n[INFO] \n[INFO] --------------------------< com.example:demo >--------------------------\n[INFO] Building demo 1.0-SNAPSHOT\n[INFO]   from pom.xml\n[INFO] --------------------------------[ jar ]---------------------------------\n[INFO] \n[INFO] --- jacoco:0.8.7:prepare-agent (default) @ demo ---\n[INFO] argLine set to -javaagent:/Users/taikorind/.m2/repository/org/jacoco/org.jacoco.agent/0.8.7/org.jacoco.agent-0.8.7-runtime.jar=destfile=/Users/taikorind/Documents/personal/codeintegrity/mutahunter/examples/java_maven/target/jacoco.exec\n[INFO] \n[INFO] --- resources:3.3.1:resources (default-resources) @ demo ---\n[WARNING] Using platform encoding (UTF-8 actually) to copy filtered resources, i.e. build is platform dependent!\n[INFO] Copying 0 resource from src/main/resources to target/classes\n[INFO] \n[INFO] --- compiler:3.13.0:compile (default-compile) @ demo ---\n[INFO] Nothing to compile - all classes are up to date.\n[INFO] \n[INFO] --- resources:3.3.1:testResources (default-testResources) @ demo ---\n[WARNING] Using platform encoding (UTF-8 actually) to copy filtered resources, i.e. build is platform dependent!\n[INFO] skip non existing resourceDirectory /Users/taikorind/Documents/personal/codeintegrity/mutahunter/examples/java_maven/src/test/resources\n[INFO] \n[INFO] --- compiler:3.13.0:testCompile (default-testCompile) @ demo ---\n[INFO] Nothing to compile - all classes are up to date.\n[INFO] \n[INFO] --- surefire:2.22.2:test (default-test) @ demo ---\n[INFO] \n[INFO] -------------------------------------------------------\n[INFO]  T E S T S\n[INFO] -------------------------------------------------------\n[INFO] Running CalculatorTest\n[ERROR] Tests run: 5, Failures: 1, Errors: 0, Skipped: 0, Time elapsed: 0.028 s <<< FAILURE! - in CalculatorTest\n[ERROR] testAdd  Time elapsed: 0.008 s  <<< FAILURE!\norg.opentest4j.AssertionFailedError: expected: <15.0> but was: <5.0>\n\tat CalculatorTest.testAdd(CalculatorTest.java:20)\n\n[INFO] \n[INFO] Results:\n[INFO] \n[ERROR] Failures: \n[ERROR]   CalculatorTest.testAdd:20 expected: <15.0> but was: <5.0>\n[INFO] \n[ERROR] Tests run: 5, Failures: 1, Errors: 0, Skipped: 0\n[INFO] \n[INFO] ------------------------------------------------------------------------\n[INFO] BUILD FAILURE\n[INFO] ------------------------------------------------------------------------\n[INFO] Total time:  1.499 s\n[INFO] Finished at: 2024-07-02T00:22:47-04:00\n[INFO] ------------------------------------------------------------------------\n[ERROR] Failed to execute goal org.apache.maven.plugins:maven-surefire-plugin:2.22.2:test (default-test) on project demo: There are test failures.\n[ERROR] \n[ERROR] Please refer to /Users/taikorind/Documents/personal/codeintegrity/mutahunter/examples/java_maven/target/surefire-reports for the individual test results.\n[ERROR] Please refer to dump files (if any exist) [date].dump, [date]-jvmRun[N].dump and [date].dumpstream.\n[ERROR] -> [Help 1]\n[ERROR] \n[ERROR] To see the full stack trace of the errors, re-run Maven with the -e switch.\n[ERROR] Re-run Maven using the -X switch to enable full debug logging.\n[ERROR] \n[ERROR] For more information about the errors and possible solutions, please read the following articles:\n[ERROR] [Help 1] http://cwiki.apache.org/confluence/display/MAVEN/MojoFailureException\n",
      "test_file_path": "src/test/java/CalculatorTest.java",
      "diff": "    public double add(double a, double b) {\n-        return a + b;\n+        return a - b; // Mutation: Changed addition to subtraction using AOR (Arithmetic Operator Replacement)\n    }\n"
    },
    {
      "id": "2",
      "source_path": "src/main/java/com/example/Calculator.java",
      "mutant_path": "/Users/taikorind/Documents/personal/codeintegrity/mutahunter/examples/java_maven/logs/_latest/mutants/2_Calculator.java",
      "status": "KILLED",
      "error_msg": "[INFO] Scanning for projects...\n[INFO] \n[INFO] --------------------------< com.example:demo >--------------------------\n[INFO] Building demo 1.0-SNAPSHOT\n[INFO]   from pom.xml\n[INFO] --------------------------------[ jar ]---------------------------------\n[INFO] \n[INFO] --- jacoco:0.8.7:prepare-agent (default) @ demo ---\n[INFO] argLine set to -javaagent:/Users/taikorind/.m2/repository/org/jacoco/org.jacoco.agent/0.8.7/org.jacoco.agent-0.8.7-runtime.jar=destfile=/Users/taikorind/Documents/personal/codeintegrity/mutahunter/examples/java_maven/target/jacoco.exec\n[INFO] \n[INFO] --- resources:3.3.1:resources (default-resources) @ demo ---\n[WARNING] Using platform encoding (UTF-8 actually) to copy filtered resources, i.e. build is platform dependent!\n[INFO] Copying 0 resource from src/main/resources to target/classes\n[INFO] \n[INFO] --- compiler:3.13.0:compile (default-compile) @ demo ---\n[INFO] Nothing to compile - all classes are up to date.\n[INFO] \n[INFO] --- resources:3.3.1:testResources (default-testResources) @ demo ---\n[WARNING] Using platform encoding (UTF-8 actually) to copy filtered resources, i.e. build is platform dependent!\n[INFO] skip non existing resourceDirectory /Users/taikorind/Documents/personal/codeintegrity/mutahunter/examples/java_maven/src/test/resources\n[INFO] \n[INFO] --- compiler:3.13.0:testCompile (default-testCompile) @ demo ---\n[INFO] Nothing to compile - all classes are up to date.\n[INFO] \n[INFO] --- surefire:2.22.2:test (default-test) @ demo ---\n[INFO] \n[INFO] -------------------------------------------------------\n[INFO]  T E S T S\n[INFO] -------------------------------------------------------\n[INFO] Running CalculatorTest\n[ERROR] Tests run: 5, Failures: 1, Errors: 0, Skipped: 0, Time elapsed: 0.039 s <<< FAILURE! - in CalculatorTest\n[ERROR] testSubtract  Time elapsed: 0.008 s  <<< FAILURE!\norg.opentest4j.AssertionFailedError: expected: <5.0> but was: <15.0>\n\tat CalculatorTest.testSubtract(CalculatorTest.java:27)\n\n[INFO] \n[INFO] Results:\n[INFO] \n[ERROR] Failures: \n[ERROR]   CalculatorTest.testSubtract:27 expected: <5.0> but was: <15.0>\n[INFO] \n[ERROR] Tests run: 5, Failures: 1, Errors: 0, Skipped: 0\n[INFO] \n[INFO] ------------------------------------------------------------------------\n[INFO] BUILD FAILURE\n[INFO] ------------------------------------------------------------------------\n[INFO] Total time:  1.458 s\n[INFO] Finished at: 2024-07-02T00:22:51-04:00\n[INFO] ------------------------------------------------------------------------\n[ERROR] Failed to execute goal org.apache.maven.plugins:maven-surefire-plugin:2.22.2:test (default-test) on project demo: There are test failures.\n[ERROR] \n[ERROR] Please refer to /Users/taikorind/Documents/personal/codeintegrity/mutahunter/examples/java_maven/target/surefire-reports for the individual test results.\n[ERROR] Please refer to dump files (if any exist) [date].dump, [date]-jvmRun[N].dump and [date].dumpstream.\n[ERROR] -> [Help 1]\n[ERROR] \n[ERROR] To see the full stack trace of the errors, re-run Maven with the -e switch.\n[ERROR] Re-run Maven using the -X switch to enable full debug logging.\n[ERROR] \n[ERROR] For more information about the errors and possible solutions, please read the following articles:\n[ERROR] [Help 1] http://cwiki.apache.org/confluence/display/MAVEN/MojoFailureException\n",
      "test_file_path": "src/test/java/CalculatorTest.java",
      "diff": "    public double subtract(double a, double b) {\n-        return a - b;\n+        return a + b; // Mutation: Changed subtraction to addition using AOR (Arithmetic Operator Replacement)\n    }\n"
    },
    {
      "id": "3",
      "source_path": "src/main/java/com/example/Calculator.java",
      "mutant_path": "/Users/taikorind/Documents/personal/codeintegrity/mutahunter/examples/java_maven/logs/_latest/mutants/3_Calculator.java",
      "status": "KILLED",
      "error_msg": "[INFO] Scanning for projects...\n[INFO] \n[INFO] --------------------------< com.example:demo >--------------------------\n[INFO] Building demo 1.0-SNAPSHOT\n[INFO]   from pom.xml\n[INFO] --------------------------------[ jar ]---------------------------------\n[INFO] \n[INFO] --- jacoco:0.8.7:prepare-agent (default) @ demo ---\n[INFO] argLine set to -javaagent:/Users/taikorind/.m2/repository/org/jacoco/org.jacoco.agent/0.8.7/org.jacoco.agent-0.8.7-runtime.jar=destfile=/Users/taikorind/Documents/personal/codeintegrity/mutahunter/examples/java_maven/target/jacoco.exec\n[INFO] \n[INFO] --- resources:3.3.1:resources (default-resources) @ demo ---\n[WARNING] Using platform encoding (UTF-8 actually) to copy filtered resources, i.e. build is platform dependent!\n[INFO] Copying 0 resource from src/main/resources to target/classes\n[INFO] \n[INFO] --- compiler:3.13.0:compile (default-compile) @ demo ---\n[INFO] Nothing to compile - all classes are up to date.\n[INFO] \n[INFO] --- resources:3.3.1:testResources (default-testResources) @ demo ---\n[WARNING] Using platform encoding (UTF-8 actually) to copy filtered resources, i.e. build is platform dependent!\n[INFO] skip non existing resourceDirectory /Users/taikorind/Documents/personal/codeintegrity/mutahunter/examples/java_maven/src/test/resources\n[INFO] \n[INFO] --- compiler:3.13.0:testCompile (default-testCompile) @ demo ---\n[INFO] Nothing to compile - all classes are up to date.\n[INFO] \n[INFO] --- surefire:2.22.2:test (default-test) @ demo ---\n[INFO] \n[INFO] -------------------------------------------------------\n[INFO]  T E S T S\n[INFO] -------------------------------------------------------\n[INFO] Running CalculatorTest\n[ERROR] Tests run: 5, Failures: 1, Errors: 0, Skipped: 0, Time elapsed: 0.025 s <<< FAILURE! - in CalculatorTest\n[ERROR] testMultiply  Time elapsed: 0.006 s  <<< FAILURE!\norg.opentest4j.AssertionFailedError: expected: <50.0> but was: <2.0>\n\tat CalculatorTest.testMultiply(CalculatorTest.java:34)\n\n[INFO] \n[INFO] Results:\n[INFO] \n[ERROR] Failures: \n[ERROR]   CalculatorTest.testMultiply:34 expected: <50.0> but was: <2.0>\n[INFO] \n[ERROR] Tests run: 5, Failures: 1, Errors: 0, Skipped: 0\n[INFO] \n[INFO] ------------------------------------------------------------------------\n[INFO] BUILD FAILURE\n[INFO] ------------------------------------------------------------------------\n[INFO] Total time:  1.430 s\n[INFO] Finished at: 2024-07-02T00:22:55-04:00\n[INFO] ------------------------------------------------------------------------\n[ERROR] Failed to execute goal org.apache.maven.plugins:maven-surefire-plugin:2.22.2:test (default-test) on project demo: There are test failures.\n[ERROR] \n[ERROR] Please refer to /Users/taikorind/Documents/personal/codeintegrity/mutahunter/examples/java_maven/target/surefire-reports for the individual test results.\n[ERROR] Please refer to dump files (if any exist) [date].dump, [date]-jvmRun[N].dump and [date].dumpstream.\n[ERROR] -> [Help 1]\n[ERROR] \n[ERROR] To see the full stack trace of the errors, re-run Maven with the -e switch.\n[ERROR] Re-run Maven using the -X switch to enable full debug logging.\n[ERROR] \n[ERROR] For more information about the errors and possible solutions, please read the following articles:\n[ERROR] [Help 1] http://cwiki.apache.org/confluence/display/MAVEN/MojoFailureException\n",
      "test_file_path": "src/test/java/CalculatorTest.java",
      "diff": "    public double multiply(double a, double b) {\n-        return a * b;\n+        return a / b; // Mutation: Changed multiplication to division using AOR (Arithmetic Operator Replacement)\n    }\n"
    },
    {
      "id": "4",
      "source_path": "src/main/java/com/example/Calculator.java",
      "mutant_path": "/Users/taikorind/Documents/personal/codeintegrity/mutahunter/examples/java_maven/logs/_latest/mutants/4_Calculator.java",
      "status": "KILLED",
      "error_msg": "[INFO] Scanning for projects...\n[INFO] \n[INFO] --------------------------< com.example:demo >--------------------------\n[INFO] Building demo 1.0-SNAPSHOT\n[INFO]   from pom.xml\n[INFO] --------------------------------[ jar ]---------------------------------\n[INFO] \n[INFO] --- jacoco:0.8.7:prepare-agent (default) @ demo ---\n[INFO] argLine set to -javaagent:/Users/taikorind/.m2/repository/org/jacoco/org.jacoco.agent/0.8.7/org.jacoco.agent-0.8.7-runtime.jar=destfile=/Users/taikorind/Documents/personal/codeintegrity/mutahunter/examples/java_maven/target/jacoco.exec\n[INFO] \n[INFO] --- resources:3.3.1:resources (default-resources) @ demo ---\n[WARNING] Using platform encoding (UTF-8 actually) to copy filtered resources, i.e. build is platform dependent!\n[INFO] Copying 0 resource from src/main/resources to target/classes\n[INFO] \n[INFO] --- compiler:3.13.0:compile (default-compile) @ demo ---\n[INFO] Nothing to compile - all classes are up to date.\n[INFO] \n[INFO] --- resources:3.3.1:testResources (default-testResources) @ demo ---\n[WARNING] Using platform encoding (UTF-8 actually) to copy filtered resources, i.e. build is platform dependent!\n[INFO] skip non existing resourceDirectory /Users/taikorind/Documents/personal/codeintegrity/mutahunter/examples/java_maven/src/test/resources\n[INFO] \n[INFO] --- compiler:3.13.0:testCompile (default-testCompile) @ demo ---\n[INFO] Nothing to compile - all classes are up to date.\n[INFO] \n[INFO] --- surefire:2.22.2:test (default-test) @ demo ---\n[INFO] \n[INFO] -------------------------------------------------------\n[INFO]  T E S T S\n[INFO] -------------------------------------------------------\n[INFO] Running CalculatorTest\n[ERROR] Tests run: 5, Failures: 1, Errors: 0, Skipped: 0, Time elapsed: 0.026 s <<< FAILURE! - in CalculatorTest\n[ERROR] testDivide  Time elapsed: 0.007 s  <<< FAILURE!\norg.opentest4j.AssertionFailedError: expected: <2.0> but was: <0.0>\n\tat CalculatorTest.testDivide(CalculatorTest.java:41)\n\n[INFO] \n[INFO] Results:\n[INFO] \n[ERROR] Failures: \n[ERROR]   CalculatorTest.testDivide:41 expected: <2.0> but was: <0.0>\n[INFO] \n[ERROR] Tests run: 5, Failures: 1, Errors: 0, Skipped: 0\n[INFO] \n[INFO] ------------------------------------------------------------------------\n[INFO] BUILD FAILURE\n[INFO] ------------------------------------------------------------------------\n[INFO] Total time:  1.427 s\n[INFO] Finished at: 2024-07-02T00:23:00-04:00\n[INFO] ------------------------------------------------------------------------\n[ERROR] Failed to execute goal org.apache.maven.plugins:maven-surefire-plugin:2.22.2:test (default-test) on project demo: There are test failures.\n[ERROR] \n[ERROR] Please refer to /Users/taikorind/Documents/personal/codeintegrity/mutahunter/examples/java_maven/target/surefire-reports for the individual test results.\n[ERROR] Please refer to dump files (if any exist) [date].dump, [date]-jvmRun[N].dump and [date].dumpstream.\n[ERROR] -> [Help 1]\n[ERROR] \n[ERROR] To see the full stack trace of the errors, re-run Maven with the -e switch.\n[ERROR] Re-run Maven using the -X switch to enable full debug logging.\n[ERROR] \n[ERROR] For more information about the errors and possible solutions, please read the following articles:\n[ERROR] [Help 1] http://cwiki.apache.org/confluence/display/MAVEN/MojoFailureException\n",
      "test_file_path": "src/test/java/CalculatorTest.java",
      "diff": "    public double divide(double a, double b) {\n        if (b == 0) {\n            throw new IllegalArgumentException(\"Division by zero is not allowed.\");\n        }\n-        return a / b;\n+        return a % b; // Mutation: Changed division to modulus using AOR (Arithmetic Operator Replacement)\n    }\n"
    }
  ]
}